#:C0     
#Xilinx FPGA Editor Command Log File
#Editor Version:
#:V   NT M2.1 P.58f
#Current Working Directory:
#:D   C:\Xilinx\Projets\AES_Group_3\AES_Group_3
#Date/Time:
#:T   Tue Feb 16 15:29:10 2016
#------------------------------
	#Reading SBox.ncd...
	#Loading device for application Rf_Device from file '3s200.nph' in environment C:\Xilinx\14.5\ISE_DS\ISE\.
	#   "SBox" is an NCD, version 3.2, device xc3s200, package ft256, speed -4
	#Design creation date: 2016.02.16.15.28.21
	#Building chip graphics...
	#Loading speed info...
	#1
setattr main edit-mode no-logic-changes
	#2
unselect -all
	#3
unselect -all
	#4
unselect -all
	#5
select site 'VCC_X18Y1'
	#site "VCC_X18Y1",  type = VCC  (RPM grid X-1Y-1)
	#6
unselect -all
	#7
select site 'VCC_X18Y1'
	#site "VCC_X18Y1",  type = VCC  (RPM grid X-1Y-1)
	#8
post block
